[debug] [2023-06-23T12:36:26.308Z] ----------------------------------------------------------------------
[debug] [2023-06-23T12:36:26.310Z] Command:       C:\Program Files\nodejs\node.exe C:\Users\HP PC\AppData\Roaming\npm\node_modules\firebase-tools\lib\bin\firebase.js login
[debug] [2023-06-23T12:36:26.310Z] CLI Version:   12.4.0
[debug] [2023-06-23T12:36:26.310Z] Platform:      win32
[debug] [2023-06-23T12:36:26.310Z] Node Version:  v16.16.0
[debug] [2023-06-23T12:36:26.312Z] Time:          Fri Jun 23 2023 13:36:26 GMT+0100 (West Africa Standard Time)
[debug] [2023-06-23T12:36:26.312Z] ----------------------------------------------------------------------
[debug] 
[debug] [2023-06-23T12:36:26.318Z] >>> [apiv2][query] GET https://firebase-public.firebaseio.com/cli.json [none]
[info] i  Firebase optionally collects CLI and Emulator Suite usage and error reporting information to help improve our products. Data is collected in accordance with Google's privacy policy (https://policies.google.com/privacy) and is not used to identify you.
 
[debug] [2023-06-23T12:36:27.636Z] <<< [apiv2][status] GET https://firebase-public.firebaseio.com/cli.json 200
[debug] [2023-06-23T12:36:27.637Z] <<< [apiv2][body] GET https://firebase-public.firebaseio.com/cli.json {"cloudBuildErrorAfter":1594252800000,"cloudBuildWarnAfter":1590019200000,"defaultNode10After":1594252800000,"minVersion":"3.0.5","node8DeploysDisabledAfter":1613390400000,"node8RuntimeDisabledAfter":1615809600000,"node8WarnAfter":1600128000000}
[info] i  To change your data collection preference at any time, run `firebase logout` and log in again. 
[info] 
[info] Visit this URL on this device to log in:
[info] https://accounts.google.com/o/oauth2/auth?client_id=563584335869-fgrhgmd47bqnekij5i8b5pr03ho849e6.apps.googleusercontent.com&scope=email%20openid%20https%3A%2F%2Fwww.googleapis.com%2Fauth%2Fcloudplatformprojects.readonly%20https%3A%2F%2Fwww.googleapis.com%2Fauth%2Ffirebase%20https%3A%2F%2Fwww.googleapis.com%2Fauth%2Fcloud-platform&response_type=code&state=609992514&redirect_uri=http%3A%2F%2Flocalhost%3A9005
[info] 
[info] Waiting for authentication...
[debug] [2023-06-23T12:36:35.368Z] Unable to open URL: Error: spawn UNKNOWN
    at ChildProcess.spawn (node:internal/child_process:413:11)
    at Object.spawn (node:child_process:700:9)
    at module.exports (C:\Users\HP PC\AppData\Roaming\npm\node_modules\firebase-tools\node_modules\open\index.js:114:34)
    at open (C:\Users\HP PC\AppData\Roaming\npm\node_modules\firebase-tools\lib\auth.js:139:5)
    at Server.<anonymous> (C:\Users\HP PC\AppData\Roaming\npm\node_modules\firebase-tools\lib\auth.js:371:13)
    at Object.onceWrapper (node:events:641:28)
    at Server.emit (node:events:527:28)
    at Server.emit (node:domain:475:12)
    at emitListeningNT (node:net:1406:10)
    at processTicksAndRejections (node:internal/process/task_queues:82:21)
